[2021/12/27 2:10:07 AM]{
	Error File: /media/tpct/250263A6544743D3/php_course/mvc_scratch/controllers/AuthController.php
	Line Number: 29
	Error String: {
	    Call to a member function redirect() on null
	}
}
[2021/12/28 6:30:07 AM]{
	Error File: /media/tpct/250263A6544743D3/fproject/core/Database.php
	Line Number: 18
	Error String: {
	    SQLSTATE[HY000] [2002] No such file or directory
	}
}
[2021/12/28 6:30:27 AM]{
	Error File: /media/tpct/250263A6544743D3/fproject/core/Database.php
	Line Number: 18
	Error String: {
	    SQLSTATE[HY000] [2002] No such file or directory
	}
}
[2021/12/28 6:30:27 AM]{
	Error File: /media/tpct/250263A6544743D3/fproject/core/Database.php
	Line Number: 18
	Error String: {
	    SQLSTATE[HY000] [2002] No such file or directory
	}
}
[2021/12/28 6:30:27 AM]{
	Error File: /media/tpct/250263A6544743D3/fproject/core/Database.php
	Line Number: 18
	Error String: {
	    SQLSTATE[HY000] [2002] No such file or directory
	}
}
[2021/12/28 6:30:28 AM]{
	Error File: /media/tpct/250263A6544743D3/fproject/core/Database.php
	Line Number: 18
	Error String: {
	    SQLSTATE[HY000] [2002] No such file or directory
	}
}
[2021/12/28 6:30:40 AM]{
	Error File: /media/tpct/250263A6544743D3/fproject/core/Database.php
	Line Number: 18
	Error String: {
	    SQLSTATE[HY000] [2002] No such file or directory
	}
}
[2021/12/28 6:30:41 AM]{
	Error File: /media/tpct/250263A6544743D3/fproject/core/Database.php
	Line Number: 18
	Error String: {
	    SQLSTATE[HY000] [2002] No such file or directory
	}
}
[2021/12/28 6:42:48 AM]{
	Error File: /media/tpct/250263A6544743D3/fproject/core/View.php
	Line Number: 13
	Error String: {
	    The Required File /media/tpct/250263A6544743D3/fproject/views/_404.php is not found

	}
}
[2021/12/28 6:43:39 AM]{
	Error File: /media/tpct/250263A6544743D3/fproject/core/View.php
	Line Number: 13
	Error String: {
	    The Required File /media/tpct/250263A6544743D3/fproject/views/_404.php is not found

	}
}
[2021/12/28 6:43:44 AM]{
	Error File: /media/tpct/250263A6544743D3/fproject/core/View.php
	Line Number: 13
	Error String: {
	    The Required File /media/tpct/250263A6544743D3/fproject/views/_404.php is not found

	}
}
